2026-01-14 00:38:39,566 | INFO | === START RUN ===
2026-01-14 00:38:39,571 | INFO | Repo root: /Workspace/Users/hmm733@ensign.edu/csai382_lab_2_4_hmuhlestein
2026-01-14 00:38:39,574 | INFO | Data dir : /Workspace/Users/hmm733@ensign.edu/csai382_lab_2_4_hmuhlestein/data
2026-01-14 00:38:39,578 | INFO | Logs dir : /Workspace/Users/hmm733@ensign.edu/csai382_lab_2_4_hmuhlestein/logs
2026-01-14 00:38:39,585 | INFO | Log file : /Workspace/Users/hmm733@ensign.edu/csai382_lab_2_4_hmuhlestein/logs/run_20260114_0038.log
2026-01-14 00:38:39,595 | INFO | Python   : 3.12.3
2026-01-14 00:38:39,598 | INFO | Reproducibility seeds set: PYTHONHASHSEED=0, random=0, numpy=0
2026-01-14 00:38:41,586 | INFO | Input hash | menu_items.csv | sha256=7b988ca5f880bf2106793f88de522aab06b4cebbc9219c5aa79497e897c47561 | bytes=1085
2026-01-14 00:38:41,788 | INFO | Input hash | order_details.csv | sha256=85086e838a21f7569b0cd803224f50440ab68c132e1df5df1a1058072abbcd83 | bytes=413634
2026-01-14 00:38:41,819 | INFO | Wrote hashes to: /Workspace/Users/hmm733@ensign.edu/csai382_lab_2_4_hmuhlestein/data_hashes.json
2026-01-14 00:38:41,822 | INFO | Loading menu file  : menu_items.csv
2026-01-14 00:38:41,824 | INFO | Loading orders file: order_details.csv
2026-01-14 00:38:41,840 | INFO | Loaded menu_items    shape=(32, 4)
2026-01-14 00:38:41,841 | INFO | Loaded order_details shape=(12234, 5)
2026-01-14 00:38:41,842 | INFO | menu_items columns    = ['menu_item_id', 'item_name', 'category', 'price']
2026-01-14 00:38:41,843 | INFO | order_details columns = ['order_details_id', 'order_id', 'order_date', 'order_time', 'item_id']
2026-01-14 00:38:41,872 | INFO | Parsed datetime column: order_date -> _order_dt (non-null: 12234)
2026-01-14 00:38:41,884 | INFO | Tidy table shape=(12234, 9)
2026-01-14 00:38:41,898 | INFO | Top5 items rows         : 5
2026-01-14 00:38:41,899 | INFO | Revenue by category rows : 4
2026-01-14 00:38:41,900 | INFO | Busiest hour rows        : 1
