2026-01-14 01:40:40,777 | INFO | === START RUN ===
2026-01-14 01:40:40,783 | INFO | Repo root: /Workspace/Users/hmm733@ensign.edu/csai382_lab_2_4_hmuhlestein
2026-01-14 01:40:40,787 | INFO | Data dir : /Workspace/Users/hmm733@ensign.edu/csai382_lab_2_4_hmuhlestein/data
2026-01-14 01:40:40,789 | INFO | Logs dir : /Workspace/Users/hmm733@ensign.edu/csai382_lab_2_4_hmuhlestein/logs
2026-01-14 01:40:40,791 | INFO | Log file : /Workspace/Users/hmm733@ensign.edu/csai382_lab_2_4_hmuhlestein/logs/run_20260114_0140.log
2026-01-14 01:40:40,795 | INFO | Python   : 3.12.3
2026-01-14 01:40:40,798 | INFO | Reproducibility seeds set: PYTHONHASHSEED=0, random=0, numpy=0
2026-01-14 01:40:43,126 | INFO | Wrote requirements to: /Workspace/Users/hmm733@ensign.edu/csai382_lab_2_4_hmuhlestein/requirements.txt (lines: 226)
2026-01-14 01:40:49,910 | INFO | Input hash | menu_items.csv | sha256=7b988ca5f880bf2106793f88de522aab06b4cebbc9219c5aa79497e897c47561 | bytes=1085
2026-01-14 01:40:50,334 | INFO | Input hash | order_details.csv | sha256=85086e838a21f7569b0cd803224f50440ab68c132e1df5df1a1058072abbcd83 | bytes=413634
2026-01-14 01:40:50,338 | INFO | Wrote hashes to: /Workspace/Users/hmm733@ensign.edu/csai382_lab_2_4_hmuhlestein/data_hashes.json
2026-01-14 01:40:50,437 | INFO | Loading menu file  : menu_items.csv
2026-01-14 01:40:50,439 | INFO | Loading orders file: order_details.csv
2026-01-14 01:40:50,532 | INFO | Loaded menu_items    shape=(32, 4)
2026-01-14 01:40:50,537 | INFO | Loaded order_details shape=(12234, 5)
2026-01-14 01:40:50,538 | INFO | menu_items columns    = ['menu_item_id', 'item_name', 'category', 'price']
2026-01-14 01:40:50,538 | INFO | order_details columns = ['order_details_id', 'order_id', 'order_date', 'order_time', 'item_id']
2026-01-14 01:40:50,580 | INFO | Parsed datetime from order_date+order_time -> _order_dt (non-null: 12234, null: 0)
2026-01-14 01:40:50,608 | INFO | Tidy table shape=(12234, 9)
2026-01-14 01:40:50,618 | INFO | Top5 items rows         : 5
2026-01-14 01:40:50,619 | INFO | Revenue by category rows : 4
2026-01-14 01:40:50,620 | INFO | Busiest hour rows        : 1
2026-01-14 01:40:50,730 | INFO | Saved metrics CSV to: /Workspace/Users/hmm733@ensign.edu/csai382_lab_2_4_hmuhlestein/etl_output/metrics_20260114_0140.csv
2026-01-14 01:40:50,735 | INFO | All asserts passed.
2026-01-14 01:40:50,738 | INFO | === END RUN ===
