2026-01-14 00:51:58,122 | INFO | === START RUN ===
2026-01-14 00:51:58,123 | INFO | Repo root: /Workspace/Users/hmm733@ensign.edu/csai382_lab_2_4_hmuhlestein
2026-01-14 00:51:58,124 | INFO | Data dir : /Workspace/Users/hmm733@ensign.edu/csai382_lab_2_4_hmuhlestein/data
2026-01-14 00:51:58,124 | INFO | Logs dir : /Workspace/Users/hmm733@ensign.edu/csai382_lab_2_4_hmuhlestein/logs
2026-01-14 00:51:58,125 | INFO | Log file : /Workspace/Users/hmm733@ensign.edu/csai382_lab_2_4_hmuhlestein/logs/run_20260114_0051.log
2026-01-14 00:51:58,126 | INFO | Python   : 3.12.3
2026-01-14 00:51:58,127 | INFO | Reproducibility seeds set: PYTHONHASHSEED=0, random=0, numpy=0
2026-01-14 00:51:58,154 | INFO | Input hash | menu_items.csv | sha256=7b988ca5f880bf2106793f88de522aab06b4cebbc9219c5aa79497e897c47561 | bytes=1085
2026-01-14 00:51:58,157 | INFO | Input hash | order_details.csv | sha256=85086e838a21f7569b0cd803224f50440ab68c132e1df5df1a1058072abbcd83 | bytes=413634
2026-01-14 00:51:58,206 | INFO | Wrote hashes to: /Workspace/Users/hmm733@ensign.edu/csai382_lab_2_4_hmuhlestein/data_hashes.json
2026-01-14 00:51:58,208 | INFO | Loading menu file  : menu_items.csv
2026-01-14 00:51:58,209 | INFO | Loading orders file: order_details.csv
2026-01-14 00:51:58,219 | INFO | Loaded menu_items    shape=(32, 4)
2026-01-14 00:51:58,219 | INFO | Loaded order_details shape=(12234, 5)
2026-01-14 00:51:58,220 | INFO | menu_items columns    = ['menu_item_id', 'item_name', 'category', 'price']
2026-01-14 00:51:58,221 | INFO | order_details columns = ['order_details_id', 'order_id', 'order_date', 'order_time', 'item_id']
2026-01-14 00:51:58,236 | INFO | Parsed datetime column: order_date -> _order_dt (non-null: 12234)
2026-01-14 00:51:58,242 | INFO | Tidy table shape=(12234, 9)
2026-01-14 00:51:58,250 | INFO | Top5 items rows         : 5
2026-01-14 00:51:58,251 | INFO | Revenue by category rows : 4
2026-01-14 00:51:58,252 | INFO | Busiest hour rows        : 1
