2026-01-14 01:04:43,014 | INFO | === START RUN ===
2026-01-14 01:04:43,015 | INFO | Repo root: /Workspace/Users/hmm733@ensign.edu/csai382_lab_2_4_hmuhlestein
2026-01-14 01:04:43,015 | INFO | Data dir : /Workspace/Users/hmm733@ensign.edu/csai382_lab_2_4_hmuhlestein/data
2026-01-14 01:04:43,016 | INFO | Logs dir : /Workspace/Users/hmm733@ensign.edu/csai382_lab_2_4_hmuhlestein/logs
2026-01-14 01:04:43,017 | INFO | Log file : /Workspace/Users/hmm733@ensign.edu/csai382_lab_2_4_hmuhlestein/logs/run_20260114_0104.log
2026-01-14 01:04:43,018 | INFO | Python   : 3.12.3
2026-01-14 01:04:43,019 | INFO | Reproducibility seeds set: PYTHONHASHSEED=0, random=0, numpy=0
2026-01-14 01:04:43,063 | INFO | Input hash | menu_items.csv | sha256=7b988ca5f880bf2106793f88de522aab06b4cebbc9219c5aa79497e897c47561 | bytes=1085
2026-01-14 01:04:43,065 | INFO | Input hash | order_details.csv | sha256=85086e838a21f7569b0cd803224f50440ab68c132e1df5df1a1058072abbcd83 | bytes=413634
2026-01-14 01:04:43,111 | INFO | Wrote hashes to: /Workspace/Users/hmm733@ensign.edu/csai382_lab_2_4_hmuhlestein/data_hashes.json
2026-01-14 01:04:43,112 | INFO | Loading menu file  : menu_items.csv
2026-01-14 01:04:43,113 | INFO | Loading orders file: order_details.csv
2026-01-14 01:04:43,122 | INFO | Loaded menu_items    shape=(32, 4)
2026-01-14 01:04:43,123 | INFO | Loaded order_details shape=(12234, 5)
2026-01-14 01:04:43,124 | INFO | menu_items columns    = ['menu_item_id', 'item_name', 'category', 'price']
2026-01-14 01:04:43,125 | INFO | order_details columns = ['order_details_id', 'order_id', 'order_date', 'order_time', 'item_id']
2026-01-14 01:04:43,162 | INFO | Parsed datetime from order_date+order_time -> _order_dt (non-null: 0, null: 12234)
2026-01-14 01:04:43,169 | INFO | Parsed datetime column: order_date -> _order_dt (non-null: 12234)
2026-01-14 01:04:43,174 | INFO | Tidy table shape=(12234, 9)
2026-01-14 01:04:43,182 | INFO | Top5 items rows         : 5
2026-01-14 01:04:43,182 | INFO | Revenue by category rows : 4
2026-01-14 01:04:43,183 | INFO | Busiest hour rows        : 1
2026-01-14 01:04:44,616 | INFO | Saved metrics CSV to: /Workspace/Users/hmm733@ensign.edu/csai382_lab_2_4_hmuhlestein/etl_output/metrics_20260114_0104.csv
2026-01-14 01:04:44,620 | INFO | All asserts passed.
2026-01-14 01:04:44,621 | INFO | === END RUN ===
2026-01-14 01:05:29,147 | INFO | Parsed datetime from order_date+order_time -> _order_dt (non-null: 0, null: 12234)
