2026-01-14 01:10:22,841 | INFO | === START RUN ===
2026-01-14 01:10:22,842 | INFO | Repo root: /Workspace/Users/hmm733@ensign.edu/csai382_lab_2_4_hmuhlestein
2026-01-14 01:10:22,843 | INFO | Data dir : /Workspace/Users/hmm733@ensign.edu/csai382_lab_2_4_hmuhlestein/data
2026-01-14 01:10:22,844 | INFO | Logs dir : /Workspace/Users/hmm733@ensign.edu/csai382_lab_2_4_hmuhlestein/logs
2026-01-14 01:10:22,845 | INFO | Log file : /Workspace/Users/hmm733@ensign.edu/csai382_lab_2_4_hmuhlestein/logs/run_20260114_0110.log
2026-01-14 01:10:22,846 | INFO | Python   : 3.12.3
2026-01-14 01:10:22,848 | INFO | Reproducibility seeds set: PYTHONHASHSEED=0, random=0, numpy=0
2026-01-14 01:10:22,876 | INFO | Input hash | menu_items.csv | sha256=7b988ca5f880bf2106793f88de522aab06b4cebbc9219c5aa79497e897c47561 | bytes=1085
2026-01-14 01:10:22,879 | INFO | Input hash | order_details.csv | sha256=85086e838a21f7569b0cd803224f50440ab68c132e1df5df1a1058072abbcd83 | bytes=413634
2026-01-14 01:10:22,923 | INFO | Wrote hashes to: /Workspace/Users/hmm733@ensign.edu/csai382_lab_2_4_hmuhlestein/data_hashes.json
2026-01-14 01:10:22,924 | INFO | Loading menu file  : menu_items.csv
2026-01-14 01:10:22,925 | INFO | Loading orders file: order_details.csv
2026-01-14 01:10:22,935 | INFO | Loaded menu_items    shape=(32, 4)
2026-01-14 01:10:22,936 | INFO | Loaded order_details shape=(12234, 5)
2026-01-14 01:10:22,937 | INFO | menu_items columns    = ['menu_item_id', 'item_name', 'category', 'price']
2026-01-14 01:10:22,938 | INFO | order_details columns = ['order_details_id', 'order_id', 'order_date', 'order_time', 'item_id']
2026-01-14 01:10:22,976 | INFO | Parsed datetime from order_date+order_time -> _order_dt (non-null: 12234, null: 0)
2026-01-14 01:10:22,981 | INFO | Tidy table shape=(12234, 9)
2026-01-14 01:10:22,990 | INFO | Top5 items rows         : 5
2026-01-14 01:10:22,991 | INFO | Revenue by category rows : 4
2026-01-14 01:10:22,992 | INFO | Busiest hour rows        : 1
2026-01-14 01:10:23,058 | INFO | Saved metrics CSV to: /Workspace/Users/hmm733@ensign.edu/csai382_lab_2_4_hmuhlestein/etl_output/metrics_20260114_0110.csv
2026-01-14 01:10:23,061 | INFO | All asserts passed.
2026-01-14 01:10:23,062 | INFO | === END RUN ===
